<?xml version="1.0" encoding="UTF-8"?>
<!-- Generated by org.testng.reporters.JUnitXMLReporter -->
<testsuite ignored="14" hostname="IN-JV8Z9K3" failures="0" tests="7" name="Default test" time="90.819" errors="0" timestamp="2023-07-24T16:45:15 IST">
  <testcase classname="testCases.DeleteBooking" name="deleteBooking" time="27.238"/>
  <testcase classname="testCases.GetBooking" name="getBooking" time="27.913"/>
  <testcase classname="testCases.ForGettingID" name="getBookingID" time="19.365"/>
  <testcase classname="testCases.UpdateBooking" name="updateBooking" time="3.742"/>
  <testcase classname="testCases.RequestForNegative" name="createBooking" time="2.827"/>
  <testcase classname="testCases.PartialUpdate" name="partialUpdate" time="5.192"/>
  <testcase classname="testCases.CreateBooking" name="createBooking" time="4.011"/>
  <testcase classname="testCases.baseclass" name="@AfterSuite endReport" time="0.0">
    <ignored/>
  </testcase> <!-- @AfterSuite endReport -->
  <testcase classname="testCases.baseclass" name="@AfterSuite endReport" time="0.0">
    <ignored/>
  </testcase> <!-- @AfterSuite endReport -->
  <testcase classname="testCases.baseclass" name="@AfterSuite endReport" time="0.0">
    <ignored/>
  </testcase> <!-- @AfterSuite endReport -->
  <testcase classname="testCases.baseclass" name="@AfterSuite endReport" time="0.0">
    <ignored/>
  </testcase> <!-- @AfterSuite endReport -->
  <testcase classname="testCases.baseclass" name="@AfterSuite endReport" time="0.0">
    <ignored/>
  </testcase> <!-- @AfterSuite endReport -->
  <testcase classname="testCases.baseclass" name="@AfterSuite endReport" time="0.0">
    <ignored/>
  </testcase> <!-- @AfterSuite endReport -->
  <testcase classname="testCases.baseclass" name="@AfterSuite endReport" time="0.0">
    <ignored/>
  </testcase> <!-- @AfterSuite endReport -->
  <testcase classname="testCases.baseclass" name="@BeforeSuite setReports" time="0.0">
    <ignored/>
  </testcase> <!-- @BeforeSuite setReports -->
  <testcase classname="testCases.baseclass" name="@BeforeSuite setReports" time="0.0">
    <ignored/>
  </testcase> <!-- @BeforeSuite setReports -->
  <testcase classname="testCases.baseclass" name="@BeforeSuite setReports" time="0.0">
    <ignored/>
  </testcase> <!-- @BeforeSuite setReports -->
  <testcase classname="testCases.baseclass" name="@BeforeSuite setReports" time="0.0">
    <ignored/>
  </testcase> <!-- @BeforeSuite setReports -->
  <testcase classname="testCases.baseclass" name="@BeforeSuite setReports" time="0.0">
    <ignored/>
  </testcase> <!-- @BeforeSuite setReports -->
  <testcase classname="testCases.baseclass" name="@BeforeSuite setReports" time="0.0">
    <ignored/>
  </testcase> <!-- @BeforeSuite setReports -->
  <testcase classname="testCases.baseclass" name="@BeforeSuite setReports" time="0.0">
    <ignored/>
  </testcase> <!-- @BeforeSuite setReports -->
</testsuite> <!-- Default test -->
