<?xml version="1.0" encoding="UTF-8"?>
<testng-results ignored="14" total="21" passed="7" failed="0" skipped="0">
  <reporter-output>
  </reporter-output>
  <suite started-at="2023-07-24T16:43:44 IST" name="Default suite" finished-at="2023-07-24T16:45:15 IST" duration-ms="90819">
    <groups>
    </groups>
    <test started-at="2023-07-24T16:43:44 IST" name="Default test" finished-at="2023-07-24T16:45:15 IST" duration-ms="90819">
      <class name="testCases.DeleteBooking">
        <test-method is-config="true" signature="setReports()[pri:0, instance:testCases.DeleteBooking@7ac2e39b]" started-at="2023-07-24T16:43:44 IST" name="setReports" finished-at="2023-07-24T16:43:44 IST" duration-ms="90" status="PASS">
          <reporter-output>
          </reporter-output>
        </test-method> <!-- setReports -->
        <test-method is-config="true" signature="Main()[pri:0, instance:testCases.DeleteBooking@7ac2e39b]" started-at="2023-07-24T16:43:44 IST" name="Main" finished-at="2023-07-24T16:43:45 IST" duration-ms="483" status="PASS">
          <reporter-output>
          </reporter-output>
        </test-method> <!-- Main -->
        <test-method is-config="true" signature="startTest(java.lang.reflect.Method)[pri:0, instance:testCases.DeleteBooking@7ac2e39b]" started-at="2023-07-24T16:43:45 IST" name="startTest" finished-at="2023-07-24T16:43:45 IST" duration-ms="3" status="PASS">
          <params>
            <param index="0">
              <value>
                <![CDATA[public static void testCases.DeleteBooking.deleteBooking()]]>
              </value>
            </param>
          </params>
          <reporter-output>
          </reporter-output>
        </test-method> <!-- startTest -->
        <test-method signature="deleteBooking()[pri:0, instance:testCases.DeleteBooking@7ac2e39b]" started-at="2023-07-24T16:43:45 IST" name="deleteBooking" finished-at="2023-07-24T16:44:12 IST" duration-ms="27238" status="PASS">
          <reporter-output>
          </reporter-output>
        </test-method> <!-- deleteBooking -->
        <test-method is-config="true" signature="endTest()[pri:0, instance:testCases.DeleteBooking@7ac2e39b]" started-at="2023-07-24T16:44:12 IST" name="endTest" finished-at="2023-07-24T16:44:12 IST" duration-ms="1" status="PASS">
          <reporter-output>
          </reporter-output>
        </test-method> <!-- endTest -->
        <test-method is-config="true" signature="testCaseResult(org.testng.ITestResult)[pri:0, instance:testCases.DeleteBooking@7ac2e39b]" started-at="2023-07-24T16:44:12 IST" name="testCaseResult" finished-at="2023-07-24T16:44:12 IST" duration-ms="0" status="PASS">
          <params>
            <param index="0">
              <value>
                <![CDATA[[TestResult name=deleteBooking status=SUCCESS method=DeleteBooking.deleteBooking()[pri:0, instance:testCases.DeleteBooking@7ac2e39b] output={null}]]]>
              </value>
            </param>
          </params>
          <reporter-output>
          </reporter-output>
        </test-method> <!-- testCaseResult -->
        <test-method is-config="true" signature="endReport()[pri:0, instance:testCases.DeleteBooking@7ac2e39b]" started-at="2023-07-24T16:45:15 IST" name="endReport" finished-at="2023-07-24T16:45:15 IST" duration-ms="137" status="PASS">
          <reporter-output>
          </reporter-output>
        </test-method> <!-- endReport -->
      </class> <!-- testCases.DeleteBooking -->
      <class name="testCases.GetBooking">
        <test-method is-config="true" signature="Main()[pri:0, instance:testCases.GetBooking@736d6a5c]" started-at="2023-07-24T16:44:12 IST" name="Main" finished-at="2023-07-24T16:44:12 IST" duration-ms="0" status="PASS">
          <reporter-output>
          </reporter-output>
        </test-method> <!-- Main -->
        <test-method is-config="true" signature="startTest(java.lang.reflect.Method)[pri:0, instance:testCases.GetBooking@736d6a5c]" started-at="2023-07-24T16:44:12 IST" name="startTest" finished-at="2023-07-24T16:44:12 IST" duration-ms="1" status="PASS">
          <params>
            <param index="0">
              <value>
                <![CDATA[public static void testCases.GetBooking.getBooking()]]>
              </value>
            </param>
          </params>
          <reporter-output>
          </reporter-output>
        </test-method> <!-- startTest -->
        <test-method signature="getBooking()[pri:0, instance:testCases.GetBooking@736d6a5c]" started-at="2023-07-24T16:44:12 IST" name="getBooking" finished-at="2023-07-24T16:44:40 IST" duration-ms="27913" status="PASS">
          <reporter-output>
          </reporter-output>
        </test-method> <!-- getBooking -->
        <test-method is-config="true" signature="endTest()[pri:0, instance:testCases.GetBooking@736d6a5c]" started-at="2023-07-24T16:44:40 IST" name="endTest" finished-at="2023-07-24T16:44:40 IST" duration-ms="0" status="PASS">
          <reporter-output>
          </reporter-output>
        </test-method> <!-- endTest -->
        <test-method is-config="true" signature="testCaseResult(org.testng.ITestResult)[pri:0, instance:testCases.GetBooking@736d6a5c]" started-at="2023-07-24T16:44:40 IST" name="testCaseResult" finished-at="2023-07-24T16:44:40 IST" duration-ms="0" status="PASS">
          <params>
            <param index="0">
              <value>
                <![CDATA[[TestResult name=getBooking status=SUCCESS method=GetBooking.getBooking()[pri:0, instance:testCases.GetBooking@736d6a5c] output={null}]]]>
              </value>
            </param>
          </params>
          <reporter-output>
          </reporter-output>
        </test-method> <!-- testCaseResult -->
      </class> <!-- testCases.GetBooking -->
      <class name="testCases.ForGettingID">
        <test-method is-config="true" signature="startTest(java.lang.reflect.Method)[pri:0, instance:testCases.ForGettingID@2371aaca]" started-at="2023-07-24T16:44:40 IST" name="startTest" finished-at="2023-07-24T16:44:40 IST" duration-ms="0" status="PASS">
          <params>
            <param index="0">
              <value>
                <![CDATA[public static void testCases.ForGettingID.getBookingID()]]>
              </value>
            </param>
          </params>
          <reporter-output>
          </reporter-output>
        </test-method> <!-- startTest -->
        <test-method is-config="true" signature="Main()[pri:0, instance:testCases.ForGettingID@2371aaca]" started-at="2023-07-24T16:44:40 IST" name="Main" finished-at="2023-07-24T16:44:40 IST" duration-ms="0" status="PASS">
          <reporter-output>
          </reporter-output>
        </test-method> <!-- Main -->
        <test-method signature="getBookingID()[pri:0, instance:testCases.ForGettingID@2371aaca]" started-at="2023-07-24T16:44:40 IST" name="getBookingID" finished-at="2023-07-24T16:44:59 IST" duration-ms="19365" status="PASS">
          <reporter-output>
          </reporter-output>
        </test-method> <!-- getBookingID -->
        <test-method is-config="true" signature="endTest()[pri:0, instance:testCases.ForGettingID@2371aaca]" started-at="2023-07-24T16:44:59 IST" name="endTest" finished-at="2023-07-24T16:44:59 IST" duration-ms="0" status="PASS">
          <reporter-output>
          </reporter-output>
        </test-method> <!-- endTest -->
        <test-method is-config="true" signature="testCaseResult(org.testng.ITestResult)[pri:0, instance:testCases.ForGettingID@2371aaca]" started-at="2023-07-24T16:44:59 IST" name="testCaseResult" finished-at="2023-07-24T16:44:59 IST" duration-ms="0" status="PASS">
          <params>
            <param index="0">
              <value>
                <![CDATA[[TestResult name=getBookingID status=SUCCESS method=ForGettingID.getBookingID()[pri:0, instance:testCases.ForGettingID@2371aaca] output={null}]]]>
              </value>
            </param>
          </params>
          <reporter-output>
          </reporter-output>
        </test-method> <!-- testCaseResult -->
      </class> <!-- testCases.ForGettingID -->
      <class name="testCases.UpdateBooking">
        <test-method is-config="true" signature="Main()[pri:0, instance:testCases.UpdateBooking@5b529706]" started-at="2023-07-24T16:44:59 IST" name="Main" finished-at="2023-07-24T16:44:59 IST" duration-ms="1" status="PASS">
          <reporter-output>
          </reporter-output>
        </test-method> <!-- Main -->
        <test-method is-config="true" signature="startTest(java.lang.reflect.Method)[pri:0, instance:testCases.UpdateBooking@5b529706]" started-at="2023-07-24T16:44:59 IST" name="startTest" finished-at="2023-07-24T16:44:59 IST" duration-ms="0" status="PASS">
          <params>
            <param index="0">
              <value>
                <![CDATA[public static void testCases.UpdateBooking.updateBooking()]]>
              </value>
            </param>
          </params>
          <reporter-output>
          </reporter-output>
        </test-method> <!-- startTest -->
        <test-method signature="updateBooking()[pri:0, instance:testCases.UpdateBooking@5b529706]" started-at="2023-07-24T16:44:59 IST" name="updateBooking" finished-at="2023-07-24T16:45:03 IST" duration-ms="3742" status="PASS">
          <reporter-output>
          </reporter-output>
        </test-method> <!-- updateBooking -->
        <test-method is-config="true" signature="endTest()[pri:0, instance:testCases.UpdateBooking@5b529706]" started-at="2023-07-24T16:45:03 IST" name="endTest" finished-at="2023-07-24T16:45:03 IST" duration-ms="2" status="PASS">
          <reporter-output>
          </reporter-output>
        </test-method> <!-- endTest -->
        <test-method is-config="true" signature="testCaseResult(org.testng.ITestResult)[pri:0, instance:testCases.UpdateBooking@5b529706]" started-at="2023-07-24T16:45:03 IST" name="testCaseResult" finished-at="2023-07-24T16:45:03 IST" duration-ms="0" status="PASS">
          <params>
            <param index="0">
              <value>
                <![CDATA[[TestResult name=updateBooking status=SUCCESS method=UpdateBooking.updateBooking()[pri:0, instance:testCases.UpdateBooking@5b529706] output={null}]]]>
              </value>
            </param>
          </params>
          <reporter-output>
          </reporter-output>
        </test-method> <!-- testCaseResult -->
      </class> <!-- testCases.UpdateBooking -->
      <class name="testCases.RequestForNegative">
        <test-method is-config="true" signature="startTest(java.lang.reflect.Method)[pri:0, instance:testCases.RequestForNegative@63fdab07]" started-at="2023-07-24T16:45:03 IST" name="startTest" finished-at="2023-07-24T16:45:03 IST" duration-ms="1" status="PASS">
          <params>
            <param index="0">
              <value>
                <![CDATA[public static void testCases.RequestForNegative.createBooking()]]>
              </value>
            </param>
          </params>
          <reporter-output>
          </reporter-output>
        </test-method> <!-- startTest -->
        <test-method is-config="true" signature="Main()[pri:0, instance:testCases.RequestForNegative@63fdab07]" started-at="2023-07-24T16:45:03 IST" name="Main" finished-at="2023-07-24T16:45:03 IST" duration-ms="0" status="PASS">
          <reporter-output>
          </reporter-output>
        </test-method> <!-- Main -->
        <test-method signature="createBooking()[pri:0, instance:testCases.RequestForNegative@63fdab07]" started-at="2023-07-24T16:45:03 IST" name="createBooking" finished-at="2023-07-24T16:45:06 IST" duration-ms="2827" status="PASS">
          <reporter-output>
          </reporter-output>
        </test-method> <!-- createBooking -->
        <test-method is-config="true" signature="endTest()[pri:0, instance:testCases.RequestForNegative@63fdab07]" started-at="2023-07-24T16:45:06 IST" name="endTest" finished-at="2023-07-24T16:45:06 IST" duration-ms="1" status="PASS">
          <reporter-output>
          </reporter-output>
        </test-method> <!-- endTest -->
        <test-method is-config="true" signature="testCaseResult(org.testng.ITestResult)[pri:0, instance:testCases.RequestForNegative@63fdab07]" started-at="2023-07-24T16:45:06 IST" name="testCaseResult" finished-at="2023-07-24T16:45:06 IST" duration-ms="0" status="PASS">
          <params>
            <param index="0">
              <value>
                <![CDATA[[TestResult name=createBooking status=SUCCESS method=RequestForNegative.createBooking()[pri:0, instance:testCases.RequestForNegative@63fdab07] output={null}]]]>
              </value>
            </param>
          </params>
          <reporter-output>
          </reporter-output>
        </test-method> <!-- testCaseResult -->
      </class> <!-- testCases.RequestForNegative -->
      <class name="testCases.PartialUpdate">
        <test-method is-config="true" signature="startTest(java.lang.reflect.Method)[pri:0, instance:testCases.PartialUpdate@7b5a12ae]" started-at="2023-07-24T16:45:06 IST" name="startTest" finished-at="2023-07-24T16:45:06 IST" duration-ms="0" status="PASS">
          <params>
            <param index="0">
              <value>
                <![CDATA[public static void testCases.PartialUpdate.partialUpdate()]]>
              </value>
            </param>
          </params>
          <reporter-output>
          </reporter-output>
        </test-method> <!-- startTest -->
        <test-method is-config="true" signature="Main()[pri:0, instance:testCases.PartialUpdate@7b5a12ae]" started-at="2023-07-24T16:45:06 IST" name="Main" finished-at="2023-07-24T16:45:06 IST" duration-ms="0" status="PASS">
          <reporter-output>
          </reporter-output>
        </test-method> <!-- Main -->
        <test-method signature="partialUpdate()[pri:0, instance:testCases.PartialUpdate@7b5a12ae]" started-at="2023-07-24T16:45:06 IST" name="partialUpdate" finished-at="2023-07-24T16:45:11 IST" duration-ms="5192" status="PASS">
          <reporter-output>
          </reporter-output>
        </test-method> <!-- partialUpdate -->
        <test-method is-config="true" signature="endTest()[pri:0, instance:testCases.PartialUpdate@7b5a12ae]" started-at="2023-07-24T16:45:11 IST" name="endTest" finished-at="2023-07-24T16:45:11 IST" duration-ms="0" status="PASS">
          <reporter-output>
          </reporter-output>
        </test-method> <!-- endTest -->
        <test-method is-config="true" signature="testCaseResult(org.testng.ITestResult)[pri:0, instance:testCases.PartialUpdate@7b5a12ae]" started-at="2023-07-24T16:45:11 IST" name="testCaseResult" finished-at="2023-07-24T16:45:11 IST" duration-ms="1" status="PASS">
          <params>
            <param index="0">
              <value>
                <![CDATA[[TestResult name=partialUpdate status=SUCCESS method=PartialUpdate.partialUpdate()[pri:0, instance:testCases.PartialUpdate@7b5a12ae] output={null}]]]>
              </value>
            </param>
          </params>
          <reporter-output>
          </reporter-output>
        </test-method> <!-- testCaseResult -->
      </class> <!-- testCases.PartialUpdate -->
      <class name="testCases.CreateBooking">
        <test-method is-config="true" signature="startTest(java.lang.reflect.Method)[pri:0, instance:testCases.CreateBooking@1af687fe]" started-at="2023-07-24T16:45:11 IST" name="startTest" finished-at="2023-07-24T16:45:11 IST" duration-ms="1" status="PASS">
          <params>
            <param index="0">
              <value>
                <![CDATA[public static void testCases.CreateBooking.createBooking()]]>
              </value>
            </param>
          </params>
          <reporter-output>
          </reporter-output>
        </test-method> <!-- startTest -->
        <test-method is-config="true" signature="Main()[pri:0, instance:testCases.CreateBooking@1af687fe]" started-at="2023-07-24T16:45:11 IST" name="Main" finished-at="2023-07-24T16:45:11 IST" duration-ms="0" status="PASS">
          <reporter-output>
          </reporter-output>
        </test-method> <!-- Main -->
        <test-method signature="createBooking()[pri:0, instance:testCases.CreateBooking@1af687fe]" started-at="2023-07-24T16:45:11 IST" name="createBooking" finished-at="2023-07-24T16:45:15 IST" duration-ms="4011" status="PASS">
          <reporter-output>
          </reporter-output>
        </test-method> <!-- createBooking -->
        <test-method is-config="true" signature="endTest()[pri:0, instance:testCases.CreateBooking@1af687fe]" started-at="2023-07-24T16:45:15 IST" name="endTest" finished-at="2023-07-24T16:45:15 IST" duration-ms="1" status="PASS">
          <reporter-output>
          </reporter-output>
        </test-method> <!-- endTest -->
        <test-method is-config="true" signature="testCaseResult(org.testng.ITestResult)[pri:0, instance:testCases.CreateBooking@1af687fe]" started-at="2023-07-24T16:45:15 IST" name="testCaseResult" finished-at="2023-07-24T16:45:15 IST" duration-ms="0" status="PASS">
          <params>
            <param index="0">
              <value>
                <![CDATA[[TestResult name=createBooking status=SUCCESS method=CreateBooking.createBooking()[pri:0, instance:testCases.CreateBooking@1af687fe] output={null}]]]>
              </value>
            </param>
          </params>
          <reporter-output>
          </reporter-output>
        </test-method> <!-- testCaseResult -->
      </class> <!-- testCases.CreateBooking -->
    </test> <!-- Default test -->
  </suite> <!-- Default suite -->
</testng-results>
